2016-05-05 14:17:24 Error: [MissingControllerException] Controller class Post.phpController could not be found.
Exception Attributes: array (
  'class' => 'Post.phpController',
  'plugin' => NULL,
)
Request URL: /blog/post.php
Stack Trace:
#0 /vagrant/blog/app/webroot/index.php(118): Dispatcher->dispatch(Object(CakeRequest), Object(CakeResponse))
#1 {main}
2016-05-05 14:28:16 Error: [MissingControllerException] Controller class PostController could not be found.
Exception Attributes: array (
  'class' => 'PostController',
  'plugin' => NULL,
)
Request URL: /blog/Post
Stack Trace:
#0 /vagrant/blog/app/webroot/index.php(118): Dispatcher->dispatch(Object(CakeRequest), Object(CakeResponse))
#1 {main}
2016-05-05 14:28:45 Error: [MissingViewException] View file "Posts/index.ctp" is missing.
Exception Attributes: array (
  'file' => 'Posts/index.ctp',
)
Request URL: /blog/Posts
Stack Trace:
#0 /vagrant/blog/lib/Cake/View/View.php(470): View->_getViewFileName(NULL)
#1 /vagrant/blog/lib/Cake/Controller/Controller.php(960): View->render(NULL, NULL)
#2 /vagrant/blog/lib/Cake/Routing/Dispatcher.php(200): Controller->render()
#3 /vagrant/blog/lib/Cake/Routing/Dispatcher.php(167): Dispatcher->_invoke(Object(PostsController), Object(CakeRequest))
#4 /vagrant/blog/app/webroot/index.php(118): Dispatcher->dispatch(Object(CakeRequest), Object(CakeResponse))
#5 {main}
2016-05-05 14:38:10 Error: [MissingViewException] View file "Posts/index.ctp" is missing.
Exception Attributes: array (
  'file' => 'Posts/index.ctp',
)
Request URL: /blog/Posts
Stack Trace:
#0 /vagrant/blog/lib/Cake/View/View.php(470): View->_getViewFileName(NULL)
#1 /vagrant/blog/lib/Cake/Controller/Controller.php(960): View->render(NULL, NULL)
#2 /vagrant/blog/lib/Cake/Routing/Dispatcher.php(200): Controller->render()
#3 /vagrant/blog/lib/Cake/Routing/Dispatcher.php(167): Dispatcher->_invoke(Object(PostsController), Object(CakeRequest))
#4 /vagrant/blog/app/webroot/index.php(118): Dispatcher->dispatch(Object(CakeRequest), Object(CakeResponse))
#5 {main}
2016-05-05 14:49:19 Error: Fatal Error (1): Call to a member function read() on a non-object in [/vagrant/blog/app/Controller/PostsController.php, line 12]
2016-05-05 14:49:19 Error: [FatalErrorException] Call to a member function read() on a non-object
Request URL: /blog/Posts/View
Stack Trace:
#0 /vagrant/blog/lib/Cake/Error/ErrorHandler.php(213): ErrorHandler::handleFatalError(1, 'Call to a membe...', '/vagrant/blog/a...', 12)
#1 [internal function]: ErrorHandler::handleError(1, 'Call to a membe...', '/vagrant/blog/a...', 12, Array)
#2 /vagrant/blog/lib/Cake/Core/App.php(933): call_user_func('ErrorHandler::h...', 1, 'Call to a membe...', '/vagrant/blog/a...', 12, Array)
#3 /vagrant/blog/lib/Cake/Core/App.php(906): App::_checkFatalError()
#4 [internal function]: App::shutdown()
#5 {main}
2016-05-05 14:50:10 Error: [MissingViewException] View file "Posts/view.ctp" is missing.
Exception Attributes: array (
  'file' => 'Posts/view.ctp',
)
Request URL: /blog/Posts/View
Stack Trace:
#0 /vagrant/blog/lib/Cake/View/View.php(470): View->_getViewFileName(NULL)
#1 /vagrant/blog/lib/Cake/Controller/Controller.php(960): View->render(NULL, NULL)
#2 /vagrant/blog/lib/Cake/Routing/Dispatcher.php(200): Controller->render()
#3 /vagrant/blog/lib/Cake/Routing/Dispatcher.php(167): Dispatcher->_invoke(Object(PostsController), Object(CakeRequest))
#4 /vagrant/blog/app/webroot/index.php(118): Dispatcher->dispatch(Object(CakeRequest), Object(CakeResponse))
#5 {main}
2016-05-05 16:10:43 Error: Fatal Error (4): syntax error, unexpected '=>' (T_DOUBLE_ARROW) in [/vagrant/blog/app/View/Posts/add.ctp, line 4]
2016-05-05 16:10:43 Error: [FatalErrorException] syntax error, unexpected '=>' (T_DOUBLE_ARROW)
Request URL: /blog/posts/add
Stack Trace:
#0 /vagrant/blog/lib/Cake/Error/ErrorHandler.php(213): ErrorHandler::handleFatalError(4, 'syntax error, u...', '/vagrant/blog/a...', 4)
#1 [internal function]: ErrorHandler::handleError(4, 'syntax error, u...', '/vagrant/blog/a...', 4, Array)
#2 /vagrant/blog/lib/Cake/Core/App.php(933): call_user_func('ErrorHandler::h...', 4, 'syntax error, u...', '/vagrant/blog/a...', 4, Array)
#3 /vagrant/blog/lib/Cake/Core/App.php(906): App::_checkFatalError()
#4 [internal function]: App::shutdown()
#5 {main}
2016-05-05 16:11:22 Error: Fatal Error (4): syntax error, unexpected '->' (T_OBJECT_OPERATOR) in [/vagrant/blog/app/View/Posts/add.ctp, line 4]
2016-05-05 16:11:22 Error: [FatalErrorException] syntax error, unexpected '->' (T_OBJECT_OPERATOR)
Request URL: /blog/posts/add
Stack Trace:
#0 /vagrant/blog/lib/Cake/Error/ErrorHandler.php(213): ErrorHandler::handleFatalError(4, 'syntax error, u...', '/vagrant/blog/a...', 4)
#1 [internal function]: ErrorHandler::handleError(4, 'syntax error, u...', '/vagrant/blog/a...', 4, Array)
#2 /vagrant/blog/lib/Cake/Core/App.php(933): call_user_func('ErrorHandler::h...', 4, 'syntax error, u...', '/vagrant/blog/a...', 4, Array)
#3 /vagrant/blog/lib/Cake/Core/App.php(906): App::_checkFatalError()
#4 [internal function]: App::shutdown()
#5 {main}
2016-05-05 16:11:32 Error: Fatal Error (4): syntax error, unexpected '=>' (T_DOUBLE_ARROW) in [/vagrant/blog/app/View/Posts/add.ctp, line 4]
2016-05-05 16:11:32 Error: [FatalErrorException] syntax error, unexpected '=>' (T_DOUBLE_ARROW)
Request URL: /blog/posts/add
Stack Trace:
#0 /vagrant/blog/lib/Cake/Error/ErrorHandler.php(213): ErrorHandler::handleFatalError(4, 'syntax error, u...', '/vagrant/blog/a...', 4)
#1 [internal function]: ErrorHandler::handleError(4, 'syntax error, u...', '/vagrant/blog/a...', 4, Array)
#2 /vagrant/blog/lib/Cake/Core/App.php(933): call_user_func('ErrorHandler::h...', 4, 'syntax error, u...', '/vagrant/blog/a...', 4, Array)
#3 /vagrant/blog/lib/Cake/Core/App.php(906): App::_checkFatalError()
#4 [internal function]: App::shutdown()
#5 {main}
2016-05-05 16:11:46 Error: Fatal Error (4): syntax error, unexpected '=>' (T_DOUBLE_ARROW) in [/vagrant/blog/app/View/Posts/add.ctp, line 4]
2016-05-05 16:11:46 Error: [FatalErrorException] syntax error, unexpected '=>' (T_DOUBLE_ARROW)
Request URL: /blog/posts/add
Stack Trace:
#0 /vagrant/blog/lib/Cake/Error/ErrorHandler.php(213): ErrorHandler::handleFatalError(4, 'syntax error, u...', '/vagrant/blog/a...', 4)
#1 [internal function]: ErrorHandler::handleError(4, 'syntax error, u...', '/vagrant/blog/a...', 4, Array)
#2 /vagrant/blog/lib/Cake/Core/App.php(933): call_user_func('ErrorHandler::h...', 4, 'syntax error, u...', '/vagrant/blog/a...', 4, Array)
#3 /vagrant/blog/lib/Cake/Core/App.php(906): App::_checkFatalError()
#4 [internal function]: App::shutdown()
#5 {main}
2016-05-07 22:26:07 Error: Fatal Error (4): syntax error, unexpected ''confirm'' (T_CONSTANT_ENCAPSED_STRING), expecting '(' in [/vagrant/blog/app/View/Posts/index.ctp, line 10]
2016-05-07 22:26:07 Error: [FatalErrorException] syntax error, unexpected ''confirm'' (T_CONSTANT_ENCAPSED_STRING), expecting '('
Request URL: /blog/Posts/
Stack Trace:
#0 /vagrant/blog/lib/Cake/Error/ErrorHandler.php(213): ErrorHandler::handleFatalError(4, 'syntax error, u...', '/vagrant/blog/a...', 10)
#1 [internal function]: ErrorHandler::handleError(4, 'syntax error, u...', '/vagrant/blog/a...', 10, Array)
#2 /vagrant/blog/lib/Cake/Core/App.php(933): call_user_func('ErrorHandler::h...', 4, 'syntax error, u...', '/vagrant/blog/a...', 10, Array)
#3 /vagrant/blog/lib/Cake/Core/App.php(906): App::_checkFatalError()
#4 [internal function]: App::shutdown()
#5 {main}
2016-05-07 22:26:44 Error: Fatal Error (4): syntax error, unexpected ';' in [/vagrant/blog/app/View/Posts/index.ctp, line 10]
2016-05-07 22:26:44 Error: [FatalErrorException] syntax error, unexpected ';'
Request URL: /blog/Posts/
Stack Trace:
#0 /vagrant/blog/lib/Cake/Error/ErrorHandler.php(213): ErrorHandler::handleFatalError(4, 'syntax error, u...', '/vagrant/blog/a...', 10)
#1 [internal function]: ErrorHandler::handleError(4, 'syntax error, u...', '/vagrant/blog/a...', 10, Array)
#2 /vagrant/blog/lib/Cake/Core/App.php(933): call_user_func('ErrorHandler::h...', 4, 'syntax error, u...', '/vagrant/blog/a...', 10, Array)
#3 /vagrant/blog/lib/Cake/Core/App.php(906): App::_checkFatalError()
#4 [internal function]: App::shutdown()
#5 {main}
2016-05-07 22:28:58 Error: Fatal Error (1): Call to a member function setFlash() on a non-object in [/vagrant/blog/app/Controller/PostsController.php, line 30]
2016-05-07 22:28:58 Error: [FatalErrorException] Call to a member function setFlash() on a non-object
Request URL: /blog/Posts/delete/3
Stack Trace:
#0 /vagrant/blog/lib/Cake/Error/ErrorHandler.php(213): ErrorHandler::handleFatalError(1, 'Call to a membe...', '/vagrant/blog/a...', 30)
#1 [internal function]: ErrorHandler::handleError(1, 'Call to a membe...', '/vagrant/blog/a...', 30, Array)
#2 /vagrant/blog/lib/Cake/Core/App.php(933): call_user_func('ErrorHandler::h...', 1, 'Call to a membe...', '/vagrant/blog/a...', 30, Array)
#3 /vagrant/blog/lib/Cake/Core/App.php(906): App::_checkFatalError()
#4 [internal function]: App::shutdown()
#5 {main}
2016-05-07 22:29:43 Error: [MissingViewException] View file "Posts/delete.ctp" is missing.
Exception Attributes: array (
  'file' => 'Posts/delete.ctp',
)
Request URL: /blog/Posts/delete/3
Stack Trace:
#0 /vagrant/blog/lib/Cake/View/View.php(470): View->_getViewFileName(NULL)
#1 /vagrant/blog/lib/Cake/Controller/Controller.php(960): View->render(NULL, NULL)
#2 /vagrant/blog/lib/Cake/Routing/Dispatcher.php(200): Controller->render()
#3 /vagrant/blog/lib/Cake/Routing/Dispatcher.php(167): Dispatcher->_invoke(Object(PostsController), Object(CakeRequest))
#4 /vagrant/blog/app/webroot/index.php(118): Dispatcher->dispatch(Object(CakeRequest), Object(CakeResponse))
#5 {main}
2016-05-07 22:34:58 Error: [MissingViewException] View file "Posts/delete.ctp" is missing.
Exception Attributes: array (
  'file' => 'Posts/delete.ctp',
)
Request URL: /blog/Posts/delete/3
Stack Trace:
#0 /vagrant/blog/lib/Cake/View/View.php(470): View->_getViewFileName(NULL)
#1 /vagrant/blog/lib/Cake/Controller/Controller.php(960): View->render(NULL, NULL)
#2 /vagrant/blog/lib/Cake/Routing/Dispatcher.php(200): Controller->render()
#3 /vagrant/blog/lib/Cake/Routing/Dispatcher.php(167): Dispatcher->_invoke(Object(PostsController), Object(CakeRequest))
#4 /vagrant/blog/app/webroot/index.php(118): Dispatcher->dispatch(Object(CakeRequest), Object(CakeResponse))
#5 {main}
2016-05-07 23:37:13 Error: Fatal Error (4): syntax error, unexpected '>' in [/vagrant/blog/app/View/Posts/index.ctp, line 3]
2016-05-07 23:37:13 Error: [FatalErrorException] syntax error, unexpected '>'
Request URL: /blog/Posts/
Stack Trace:
#0 /vagrant/blog/lib/Cake/Error/ErrorHandler.php(213): ErrorHandler::handleFatalError(4, 'syntax error, u...', '/vagrant/blog/a...', 3)
#1 [internal function]: ErrorHandler::handleError(4, 'syntax error, u...', '/vagrant/blog/a...', 3, Array)
#2 /vagrant/blog/lib/Cake/Core/App.php(933): call_user_func('ErrorHandler::h...', 4, 'syntax error, u...', '/vagrant/blog/a...', 3, Array)
#3 /vagrant/blog/lib/Cake/Core/App.php(906): App::_checkFatalError()
#4 [internal function]: App::shutdown()
#5 {main}
2016-05-07 23:39:07 Error: Fatal Error (1): Call to a member function is() on a non-object in [/vagrant/blog/app/Controller/PostsController.php, line 29]
2016-05-07 23:39:07 Error: [FatalErrorException] Call to a member function is() on a non-object
Request URL: /blog/Posts/delete/2
Stack Trace:
#0 /vagrant/blog/lib/Cake/Error/ErrorHandler.php(213): ErrorHandler::handleFatalError(1, 'Call to a membe...', '/vagrant/blog/a...', 29)
#1 [internal function]: ErrorHandler::handleError(1, 'Call to a membe...', '/vagrant/blog/a...', 29, Array)
#2 /vagrant/blog/lib/Cake/Core/App.php(933): call_user_func('ErrorHandler::h...', 1, 'Call to a membe...', '/vagrant/blog/a...', 29, Array)
#3 /vagrant/blog/lib/Cake/Core/App.php(906): App::_checkFatalError()
#4 [internal function]: App::shutdown()
#5 {main}
2016-05-07 23:39:46 Error: Fatal Error (1): Call to a member function is() on a non-object in [/vagrant/blog/app/Controller/PostsController.php, line 29]
2016-05-07 23:39:46 Error: [FatalErrorException] Call to a member function is() on a non-object
Request URL: /blog/Posts/delete/1
Stack Trace:
#0 /vagrant/blog/lib/Cake/Error/ErrorHandler.php(213): ErrorHandler::handleFatalError(1, 'Call to a membe...', '/vagrant/blog/a...', 29)
#1 [internal function]: ErrorHandler::handleError(1, 'Call to a membe...', '/vagrant/blog/a...', 29, Array)
#2 /vagrant/blog/lib/Cake/Core/App.php(933): call_user_func('ErrorHandler::h...', 1, 'Call to a membe...', '/vagrant/blog/a...', 29, Array)
#3 /vagrant/blog/lib/Cake/Core/App.php(906): App::_checkFatalError()
#4 [internal function]: App::shutdown()
#5 {main}
2016-05-07 23:44:11 Error: [MissingViewException] View file "Posts/delete.ctp" is missing.
Exception Attributes: array (
  'file' => 'Posts/delete.ctp',
)
Request URL: /blog/Posts/delete/2
Stack Trace:
#0 /vagrant/blog/lib/Cake/View/View.php(470): View->_getViewFileName(NULL)
#1 /vagrant/blog/lib/Cake/Controller/Controller.php(960): View->render(NULL, NULL)
#2 /vagrant/blog/lib/Cake/Routing/Dispatcher.php(200): Controller->render()
#3 /vagrant/blog/lib/Cake/Routing/Dispatcher.php(167): Dispatcher->_invoke(Object(PostsController), Object(CakeRequest))
#4 /vagrant/blog/app/webroot/index.php(118): Dispatcher->dispatch(Object(CakeRequest), Object(CakeResponse))
#5 {main}
2016-05-07 23:45:12 Error: [MissingViewException] View file "Posts/delete.ctp" is missing.
Exception Attributes: array (
  'file' => 'Posts/delete.ctp',
)
Request URL: /blog/Posts/delete/2
Stack Trace:
#0 /vagrant/blog/lib/Cake/View/View.php(470): View->_getViewFileName(NULL)
#1 /vagrant/blog/lib/Cake/Controller/Controller.php(960): View->render(NULL, NULL)
#2 /vagrant/blog/lib/Cake/Routing/Dispatcher.php(200): Controller->render()
#3 /vagrant/blog/lib/Cake/Routing/Dispatcher.php(167): Dispatcher->_invoke(Object(PostsController), Object(CakeRequest))
#4 /vagrant/blog/app/webroot/index.php(118): Dispatcher->dispatch(Object(CakeRequest), Object(CakeResponse))
#5 {main}
2016-05-07 23:47:14 Error: [MissingViewException] View file "Posts/delete.ctp" is missing.
Exception Attributes: array (
  'file' => 'Posts/delete.ctp',
)
Request URL: /blog/Posts/delete/2
Stack Trace:
#0 /vagrant/blog/lib/Cake/View/View.php(470): View->_getViewFileName(NULL)
#1 /vagrant/blog/lib/Cake/Controller/Controller.php(960): View->render(NULL, NULL)
#2 /vagrant/blog/lib/Cake/Routing/Dispatcher.php(200): Controller->render()
#3 /vagrant/blog/lib/Cake/Routing/Dispatcher.php(167): Dispatcher->_invoke(Object(PostsController), Object(CakeRequest))
#4 /vagrant/blog/app/webroot/index.php(118): Dispatcher->dispatch(Object(CakeRequest), Object(CakeResponse))
#5 {main}
2016-05-07 23:48:04 Error: [MissingViewException] View file "Posts/delete.ctp" is missing.
Exception Attributes: array (
  'file' => 'Posts/delete.ctp',
)
Request URL: /blog/Posts/delete/2
Stack Trace:
#0 /vagrant/blog/lib/Cake/View/View.php(470): View->_getViewFileName(NULL)
#1 /vagrant/blog/lib/Cake/Controller/Controller.php(960): View->render(NULL, NULL)
#2 /vagrant/blog/lib/Cake/Routing/Dispatcher.php(200): Controller->render()
#3 /vagrant/blog/lib/Cake/Routing/Dispatcher.php(167): Dispatcher->_invoke(Object(PostsController), Object(CakeRequest))
#4 /vagrant/blog/app/webroot/index.php(118): Dispatcher->dispatch(Object(CakeRequest), Object(CakeResponse))
#5 {main}
2016-05-07 23:50:07 Error: [MissingViewException] View file "Posts/delete.ctp" is missing.
Exception Attributes: array (
  'file' => 'Posts/delete.ctp',
)
Request URL: /blog/Posts/delete/2
Stack Trace:
#0 /vagrant/blog/lib/Cake/View/View.php(470): View->_getViewFileName(NULL)
#1 /vagrant/blog/lib/Cake/Controller/Controller.php(960): View->render(NULL, NULL)
#2 /vagrant/blog/lib/Cake/Routing/Dispatcher.php(200): Controller->render()
#3 /vagrant/blog/lib/Cake/Routing/Dispatcher.php(167): Dispatcher->_invoke(Object(PostsController), Object(CakeRequest))
#4 /vagrant/blog/app/webroot/index.php(118): Dispatcher->dispatch(Object(CakeRequest), Object(CakeResponse))
#5 {main}
2016-05-07 23:50:27 Error: [MissingViewException] View file "Posts/delete.ctp" is missing.
Exception Attributes: array (
  'file' => 'Posts/delete.ctp',
)
Request URL: /blog/Posts/delete/2
Stack Trace:
#0 /vagrant/blog/lib/Cake/View/View.php(470): View->_getViewFileName(NULL)
#1 /vagrant/blog/lib/Cake/Controller/Controller.php(960): View->render(NULL, NULL)
#2 /vagrant/blog/lib/Cake/Routing/Dispatcher.php(200): Controller->render()
#3 /vagrant/blog/lib/Cake/Routing/Dispatcher.php(167): Dispatcher->_invoke(Object(PostsController), Object(CakeRequest))
#4 /vagrant/blog/app/webroot/index.php(118): Dispatcher->dispatch(Object(CakeRequest), Object(CakeResponse))
#5 {main}
2016-05-07 23:50:54 Error: [MissingViewException] View file "Posts/delete.ctp" is missing.
Exception Attributes: array (
  'file' => 'Posts/delete.ctp',
)
Request URL: /blog/Posts/delete/2
Stack Trace:
#0 /vagrant/blog/lib/Cake/View/View.php(470): View->_getViewFileName(NULL)
#1 /vagrant/blog/lib/Cake/Controller/Controller.php(960): View->render(NULL, NULL)
#2 /vagrant/blog/lib/Cake/Routing/Dispatcher.php(200): Controller->render()
#3 /vagrant/blog/lib/Cake/Routing/Dispatcher.php(167): Dispatcher->_invoke(Object(PostsController), Object(CakeRequest))
#4 /vagrant/blog/app/webroot/index.php(118): Dispatcher->dispatch(Object(CakeRequest), Object(CakeResponse))
#5 {main}
2016-05-07 23:52:41 Error: [MissingViewException] View file "Posts/delete.ctp" is missing.
Exception Attributes: array (
  'file' => 'Posts/delete.ctp',
)
Request URL: /blog/Posts/delete/2
Stack Trace:
#0 /vagrant/blog/lib/Cake/View/View.php(470): View->_getViewFileName(NULL)
#1 /vagrant/blog/lib/Cake/Controller/Controller.php(960): View->render(NULL, NULL)
#2 /vagrant/blog/lib/Cake/Routing/Dispatcher.php(200): Controller->render()
#3 /vagrant/blog/lib/Cake/Routing/Dispatcher.php(167): Dispatcher->_invoke(Object(PostsController), Object(CakeRequest))
#4 /vagrant/blog/app/webroot/index.php(118): Dispatcher->dispatch(Object(CakeRequest), Object(CakeResponse))
#5 {main}
2016-05-07 23:55:38 Error: Fatal Error (1): Call to a member function is() on a non-object in [/vagrant/blog/app/Controller/PostsController.php, line 29]
2016-05-07 23:55:38 Error: [FatalErrorException] Call to a member function is() on a non-object
Request URL: /blog/Posts/delete/2
Stack Trace:
#0 /vagrant/blog/lib/Cake/Error/ErrorHandler.php(213): ErrorHandler::handleFatalError(1, 'Call to a membe...', '/vagrant/blog/a...', 29)
#1 [internal function]: ErrorHandler::handleError(1, 'Call to a membe...', '/vagrant/blog/a...', 29, Array)
#2 /vagrant/blog/lib/Cake/Core/App.php(933): call_user_func('ErrorHandler::h...', 1, 'Call to a membe...', '/vagrant/blog/a...', 29, Array)
#3 /vagrant/blog/lib/Cake/Core/App.php(906): App::_checkFatalError()
#4 [internal function]: App::shutdown()
#5 {main}
2016-05-07 23:56:24 Error: Fatal Error (1): Call to a member function is() on a non-object in [/vagrant/blog/app/Controller/PostsController.php, line 29]
2016-05-07 23:56:24 Error: [FatalErrorException] Call to a member function is() on a non-object
Request URL: /blog/Posts/delete/2
Stack Trace:
#0 /vagrant/blog/lib/Cake/Error/ErrorHandler.php(213): ErrorHandler::handleFatalError(1, 'Call to a membe...', '/vagrant/blog/a...', 29)
#1 [internal function]: ErrorHandler::handleError(1, 'Call to a membe...', '/vagrant/blog/a...', 29, Array)
#2 /vagrant/blog/lib/Cake/Core/App.php(933): call_user_func('ErrorHandler::h...', 1, 'Call to a membe...', '/vagrant/blog/a...', 29, Array)
#3 /vagrant/blog/lib/Cake/Core/App.php(906): App::_checkFatalError()
#4 [internal function]: App::shutdown()
#5 {main}
2016-05-07 23:57:22 Error: Fatal Error (1): Call to a member function is() on a non-object in [/vagrant/blog/app/Controller/PostsController.php, line 29]
2016-05-07 23:57:23 Error: [FatalErrorException] Call to a member function is() on a non-object
Request URL: /blog/Posts/delete/2
Stack Trace:
#0 /vagrant/blog/lib/Cake/Error/ErrorHandler.php(213): ErrorHandler::handleFatalError(1, 'Call to a membe...', '/vagrant/blog/a...', 29)
#1 [internal function]: ErrorHandler::handleError(1, 'Call to a membe...', '/vagrant/blog/a...', 29, Array)
#2 /vagrant/blog/lib/Cake/Core/App.php(933): call_user_func('ErrorHandler::h...', 1, 'Call to a membe...', '/vagrant/blog/a...', 29, Array)
#3 /vagrant/blog/lib/Cake/Core/App.php(906): App::_checkFatalError()
#4 [internal function]: App::shutdown()
#5 {main}
2016-05-07 23:59:16 Error: Fatal Error (1): Call to a member function is() on a non-object in [/vagrant/blog/app/Controller/PostsController.php, line 29]
2016-05-07 23:59:16 Error: [FatalErrorException] Call to a member function is() on a non-object
Request URL: /blog/Posts/delete/2
Stack Trace:
#0 /vagrant/blog/lib/Cake/Error/ErrorHandler.php(213): ErrorHandler::handleFatalError(1, 'Call to a membe...', '/vagrant/blog/a...', 29)
#1 [internal function]: ErrorHandler::handleError(1, 'Call to a membe...', '/vagrant/blog/a...', 29, Array)
#2 /vagrant/blog/lib/Cake/Core/App.php(933): call_user_func('ErrorHandler::h...', 1, 'Call to a membe...', '/vagrant/blog/a...', 29, Array)
#3 /vagrant/blog/lib/Cake/Core/App.php(906): App::_checkFatalError()
#4 [internal function]: App::shutdown()
#5 {main}
2016-05-08 00:00:25 Error: Fatal Error (1): Call to a member function is() on a non-object in [/vagrant/blog/app/Controller/PostsController.php, line 29]
2016-05-08 00:00:25 Error: [FatalErrorException] Call to a member function is() on a non-object
Request URL: /blog/Posts/delete/2
Stack Trace:
#0 /vagrant/blog/lib/Cake/Error/ErrorHandler.php(213): ErrorHandler::handleFatalError(1, 'Call to a membe...', '/vagrant/blog/a...', 29)
#1 [internal function]: ErrorHandler::handleError(1, 'Call to a membe...', '/vagrant/blog/a...', 29, Array)
#2 /vagrant/blog/lib/Cake/Core/App.php(933): call_user_func('ErrorHandler::h...', 1, 'Call to a membe...', '/vagrant/blog/a...', 29, Array)
#3 /vagrant/blog/lib/Cake/Core/App.php(906): App::_checkFatalError()
#4 [internal function]: App::shutdown()
#5 {main}
2016-05-08 00:07:20 Error: [MissingViewException] View file "Posts/delete.ctp" is missing.
Exception Attributes: array (
  'file' => 'Posts/delete.ctp',
)
Request URL: /blog/Posts/delete/1
Stack Trace:
#0 /vagrant/blog/lib/Cake/View/View.php(470): View->_getViewFileName(NULL)
#1 /vagrant/blog/lib/Cake/Controller/Controller.php(960): View->render(NULL, NULL)
#2 /vagrant/blog/lib/Cake/Routing/Dispatcher.php(200): Controller->render()
#3 /vagrant/blog/lib/Cake/Routing/Dispatcher.php(167): Dispatcher->_invoke(Object(PostsController), Object(CakeRequest))
#4 /vagrant/blog/app/webroot/index.php(118): Dispatcher->dispatch(Object(CakeRequest), Object(CakeResponse))
#5 {main}
2016-05-08 00:07:29 Error: [MissingViewException] View file "Posts/delete.ctp" is missing.
Exception Attributes: array (
  'file' => 'Posts/delete.ctp',
)
Request URL: /blog/Posts/delete/2
Stack Trace:
#0 /vagrant/blog/lib/Cake/View/View.php(470): View->_getViewFileName(NULL)
#1 /vagrant/blog/lib/Cake/Controller/Controller.php(960): View->render(NULL, NULL)
#2 /vagrant/blog/lib/Cake/Routing/Dispatcher.php(200): Controller->render()
#3 /vagrant/blog/lib/Cake/Routing/Dispatcher.php(167): Dispatcher->_invoke(Object(PostsController), Object(CakeRequest))
#4 /vagrant/blog/app/webroot/index.php(118): Dispatcher->dispatch(Object(CakeRequest), Object(CakeResponse))
#5 {main}
2016-05-08 00:32:18 Error: Fatal Error (4): syntax error, unexpected '?>', expecting function (T_FUNCTION) in [/vagrant/blog/app/Controller/PostsController.php, line 45]
2016-05-08 00:32:18 Error: [FatalErrorException] syntax error, unexpected '?>', expecting function (T_FUNCTION)
Request URL: /blog/Posts/
Stack Trace:
#0 /vagrant/blog/lib/Cake/Error/ErrorHandler.php(213): ErrorHandler::handleFatalError(4, 'syntax error, u...', '/vagrant/blog/a...', 45)
#1 [internal function]: ErrorHandler::handleError(4, 'syntax error, u...', '/vagrant/blog/a...', 45, Array)
#2 /vagrant/blog/lib/Cake/Core/App.php(933): call_user_func('ErrorHandler::h...', 4, 'syntax error, u...', '/vagrant/blog/a...', 45, Array)
#3 /vagrant/blog/lib/Cake/Core/App.php(906): App::_checkFatalError()
#4 [internal function]: App::shutdown()
#5 {main}
2016-05-08 00:32:44 Error: [MissingActionException] Action PostsController::edit() could not be found.
Exception Attributes: array (
  'controller' => 'PostsController',
  'action' => 'edit',
)
Request URL: /blog/Posts/edit/1
Stack Trace:
#0 /vagrant/blog/lib/Cake/Routing/Dispatcher.php(193): Controller->invokeAction(Object(CakeRequest))
#1 /vagrant/blog/lib/Cake/Routing/Dispatcher.php(167): Dispatcher->_invoke(Object(PostsController), Object(CakeRequest))
#2 /vagrant/blog/app/webroot/index.php(118): Dispatcher->dispatch(Object(CakeRequest), Object(CakeResponse))
#3 {main}
2016-05-08 00:32:58 Error: [MissingActionException] Action PostsController::edit() could not be found.
Exception Attributes: array (
  'controller' => 'PostsController',
  'action' => 'edit',
)
Request URL: /blog/Posts/edit/2
Stack Trace:
#0 /vagrant/blog/lib/Cake/Routing/Dispatcher.php(193): Controller->invokeAction(Object(CakeRequest))
#1 /vagrant/blog/lib/Cake/Routing/Dispatcher.php(167): Dispatcher->_invoke(Object(PostsController), Object(CakeRequest))
#2 /vagrant/blog/app/webroot/index.php(118): Dispatcher->dispatch(Object(CakeRequest), Object(CakeResponse))
#3 {main}
2016-05-08 00:32:59 Error: [MissingActionException] Action PostsController::edit() could not be found.
Exception Attributes: array (
  'controller' => 'PostsController',
  'action' => 'edit',
)
Request URL: /blog/Posts/edit/2
Stack Trace:
#0 /vagrant/blog/lib/Cake/Routing/Dispatcher.php(193): Controller->invokeAction(Object(CakeRequest))
#1 /vagrant/blog/lib/Cake/Routing/Dispatcher.php(167): Dispatcher->_invoke(Object(PostsController), Object(CakeRequest))
#2 /vagrant/blog/app/webroot/index.php(118): Dispatcher->dispatch(Object(CakeRequest), Object(CakeResponse))
#3 {main}
2016-05-08 00:59:53 Error: [MissingActionException] Action PostsController::action() could not be found.
Exception Attributes: array (
  'controller' => 'PostsController',
  'action' => 'action',
)
Request URL: /blog/
Stack Trace:
#0 /vagrant/blog/lib/Cake/Routing/Dispatcher.php(193): Controller->invokeAction(Object(CakeRequest))
#1 /vagrant/blog/lib/Cake/Routing/Dispatcher.php(167): Dispatcher->_invoke(Object(PostsController), Object(CakeRequest))
#2 /vagrant/blog/app/webroot/index.php(118): Dispatcher->dispatch(Object(CakeRequest), Object(CakeResponse))
#3 {main}
2016-05-08 01:08:36 Error: [MissingActionException] Action PostsController::action() could not be found.
Exception Attributes: array (
  'controller' => 'PostsController',
  'action' => 'action',
)
Request URL: /blog/
Stack Trace:
#0 /vagrant/blog/lib/Cake/Routing/Dispatcher.php(193): Controller->invokeAction(Object(CakeRequest))
#1 /vagrant/blog/lib/Cake/Routing/Dispatcher.php(167): Dispatcher->_invoke(Object(PostsController), Object(CakeRequest))
#2 /vagrant/blog/app/webroot/index.php(118): Dispatcher->dispatch(Object(CakeRequest), Object(CakeResponse))
#3 {main}
2016-05-08 01:09:25 Error: [MissingActionException] Action PostsController::action() could not be found.
Exception Attributes: array (
  'controller' => 'PostsController',
  'action' => 'action',
)
Request URL: /blog/
Stack Trace:
#0 /vagrant/blog/lib/Cake/Routing/Dispatcher.php(193): Controller->invokeAction(Object(CakeRequest))
#1 /vagrant/blog/lib/Cake/Routing/Dispatcher.php(167): Dispatcher->_invoke(Object(PostsController), Object(CakeRequest))
#2 /vagrant/blog/app/webroot/index.php(118): Dispatcher->dispatch(Object(CakeRequest), Object(CakeResponse))
#3 {main}
2016-05-08 01:17:28 Error: [NotFoundException] Invalid Post
Request URL: /blog/posts/view/3
Stack Trace:
#0 /vagrant/blog/lib/Cake/Controller/Scaffold.php(386): Scaffold->_scaffoldView(Object(CakeRequest))
#1 /vagrant/blog/lib/Cake/Controller/Scaffold.php(150): Scaffold->_scaffold(Object(CakeRequest))
#2 /vagrant/blog/lib/Cake/Controller/Controller.php(535): Scaffold->__construct(Object(PostsController), Object(CakeRequest))
#3 /vagrant/blog/lib/Cake/Controller/Controller.php(494): Controller->_getScaffold(Object(CakeRequest))
#4 /vagrant/blog/lib/Cake/Routing/Dispatcher.php(193): Controller->invokeAction(Object(CakeRequest))
#5 /vagrant/blog/lib/Cake/Routing/Dispatcher.php(167): Dispatcher->_invoke(Object(PostsController), Object(CakeRequest))
#6 /vagrant/blog/app/webroot/index.php(118): Dispatcher->dispatch(Object(CakeRequest), Object(CakeResponse))
#7 {main}
2016-05-08 01:20:04 Error: [MissingActionException] Action PostsController::action() could not be found.
Exception Attributes: array (
  'controller' => 'PostsController',
  'action' => 'action',
)
Request URL: /blog/
Stack Trace:
#0 /vagrant/blog/lib/Cake/Routing/Dispatcher.php(193): Controller->invokeAction(Object(CakeRequest))
#1 /vagrant/blog/lib/Cake/Routing/Dispatcher.php(167): Dispatcher->_invoke(Object(PostsController), Object(CakeRequest))
#2 /vagrant/blog/app/webroot/index.php(118): Dispatcher->dispatch(Object(CakeRequest), Object(CakeResponse))
#3 {main}
2016-05-08 01:22:08 Error: [MissingActionException] Action PostsController::action() could not be found.
Exception Attributes: array (
  'controller' => 'PostsController',
  'action' => 'action',
)
Request URL: /blog/
Stack Trace:
#0 /vagrant/blog/lib/Cake/Routing/Dispatcher.php(193): Controller->invokeAction(Object(CakeRequest))
#1 /vagrant/blog/lib/Cake/Routing/Dispatcher.php(167): Dispatcher->_invoke(Object(PostsController), Object(CakeRequest))
#2 /vagrant/blog/app/webroot/index.php(118): Dispatcher->dispatch(Object(CakeRequest), Object(CakeResponse))
#3 {main}
